2025-09-03 11:56:06 - Script started.
2025-09-03 11:56:06 - Found 73 IDs to process.
2025-09-03 11:56:06 - Processing IMPHY000060 at https://cb.imsc.res.in/imppat/phytochemical-detailedpage/IMPHY000060
2025-09-03 11:56:08 - SUCCESS: IMPHY000060 - Name: Myristic acid, SMILES: CCCCCCCCCCCCCC(=O)O
2025-09-03 11:56:08 - Processing IMPHY000795 at https://cb.imsc.res.in/imppat/phytochemical-detailedpage/IMPHY000795
2025-09-03 11:56:10 - SUCCESS: IMPHY000795 - Name: Octanal, SMILES: CCCCCCCC=O
2025-09-03 11:56:11 - Processing IMPHY001548 at https://cb.imsc.res.in/imppat/phytochemical-detailedpage/IMPHY001548
2025-09-03 11:56:13 - SUCCESS: IMPHY001548 - Name: Geranylacetone, SMILES: C/C(=CCCC(=O)C)/CCC=C(C)C
2025-09-03 11:56:13 - Processing IMPHY002915 at https://cb.imsc.res.in/imppat/phytochemical-detailedpage/IMPHY002915
2025-09-03 11:56:15 - SUCCESS: IMPHY002915 - Name: Benzyl Alcohol, SMILES: OCc1ccccc1
2025-09-03 11:56:15 - Processing IMPHY003050 at https://cb.imsc.res.in/imppat/phytochemical-detailedpage/IMPHY003050
2025-09-03 11:56:17 - SUCCESS: IMPHY003050 - Name: Methyl salicylate, SMILES: COC(=O)c1ccccc1O
2025-09-03 11:56:18 - Processing IMPHY003676 at https://cb.imsc.res.in/imppat/phytochemical-detailedpage/IMPHY003676
2025-09-03 11:56:20 - SUCCESS: IMPHY003676 - Name: (2S,4R)-p-Mentha-1(7),8-dien-2-ol, SMILES: CC(=C)C1CCC(=C)C(C1)O
2025-09-03 11:56:20 - Processing IMPHY003689 at https://cb.imsc.res.in/imppat/phytochemical-detailedpage/IMPHY003689
2025-09-03 11:56:22 - SUCCESS: IMPHY003689 - Name: cis-3-Hexenal, SMILES: CC/C=CCC=O
2025-09-03 11:56:22 - Processing IMPHY003915 at https://cb.imsc.res.in/imppat/phytochemical-detailedpage/IMPHY003915
2025-09-03 11:56:24 - SUCCESS: IMPHY003915 - Name: 2-Decenal, SMILES: CCCCCCC/C=C/C=O
2025-09-03 11:56:25 - Processing IMPHY004079 at https://cb.imsc.res.in/imppat/phytochemical-detailedpage/IMPHY004079
2025-09-03 11:56:28 - SUCCESS: IMPHY004079 - Name: Catechol, SMILES: Oc1ccccc1O
2025-09-03 11:56:28 - Processing IMPHY004121 at https://cb.imsc.res.in/imppat/phytochemical-detailedpage/IMPHY004121
2025-09-03 11:56:30 - SUCCESS: IMPHY004121 - Name: 2-Heptanone, SMILES: CCCCCC(=O)C
2025-09-03 11:56:30 - Processing IMPHY004536 at https://cb.imsc.res.in/imppat/phytochemical-detailedpage/IMPHY004536
2025-09-03 11:56:32 - SUCCESS: IMPHY004536 - Name: Geranic acid, SMILES: CC(=CCC/C(=C/C(=O)O)/C)C
2025-09-03 11:56:33 - Processing IMPHY005364 at https://cb.imsc.res.in/imppat/phytochemical-detailedpage/IMPHY005364
2025-09-03 11:56:34 - SUCCESS: IMPHY005364 - Name: 2,2,6-Trimethylcyclohexanone, SMILES: CC1CCCC(C1=O)(C)C
2025-09-03 11:56:35 - Processing IMPHY005526 at https://cb.imsc.res.in/imppat/phytochemical-detailedpage/IMPHY005526
2025-09-03 11:56:36 - SUCCESS: IMPHY005526 - Name: 2-Undecenal, SMILES: CCCCCCCC/C=C/C=O
2025-09-03 11:56:37 - Processing IMPHY006032 at https://cb.imsc.res.in/imppat/phytochemical-detailedpage/IMPHY006032
2025-09-03 11:56:39 - SUCCESS: IMPHY006032 - Name: 2-Ethylhexanol, SMILES: CCCCC(CO)CC
2025-09-03 11:56:39 - Processing IMPHY006220 at https://cb.imsc.res.in/imppat/phytochemical-detailedpage/IMPHY006220
2025-09-03 11:56:41 - SUCCESS: IMPHY006220 - Name: Angelic acid, SMILES: C/C(=C/C)/C(=O)O
2025-09-03 11:56:42 - Processing IMPHY006221 at https://cb.imsc.res.in/imppat/phytochemical-detailedpage/IMPHY006221
2025-09-03 11:57:04 - Script started.
2025-09-03 11:57:04 - Found 73 IDs to process.
2025-09-03 11:57:04 - Processing IMPHY000060 at https://cb.imsc.res.in/imppat/phytochemical-detailedpage/IMPHY000060
2025-09-03 11:57:06 - SUCCESS: IMPHY000060 - Name: Myristic acid, SMILES: CCCCCCCCCCCCCC(=O)O
2025-09-03 11:57:06 - Processing IMPHY000795 at https://cb.imsc.res.in/imppat/phytochemical-detailedpage/IMPHY000795
2025-09-03 11:57:08 - SUCCESS: IMPHY000795 - Name: Octanal, SMILES: CCCCCCCC=O
2025-09-03 11:57:08 - Processing IMPHY001548 at https://cb.imsc.res.in/imppat/phytochemical-detailedpage/IMPHY001548
2025-09-03 11:57:10 - SUCCESS: IMPHY001548 - Name: Geranylacetone, SMILES: C/C(=CCCC(=O)C)/CCC=C(C)C
2025-09-03 11:57:11 - Processing IMPHY002915 at https://cb.imsc.res.in/imppat/phytochemical-detailedpage/IMPHY002915
2025-09-03 11:57:13 - SUCCESS: IMPHY002915 - Name: Benzyl Alcohol, SMILES: OCc1ccccc1
2025-09-03 11:57:13 - Processing IMPHY003050 at https://cb.imsc.res.in/imppat/phytochemical-detailedpage/IMPHY003050
2025-09-03 11:57:15 - SUCCESS: IMPHY003050 - Name: Methyl salicylate, SMILES: COC(=O)c1ccccc1O
2025-09-03 11:57:15 - Processing IMPHY003676 at https://cb.imsc.res.in/imppat/phytochemical-detailedpage/IMPHY003676
2025-09-03 11:57:17 - SUCCESS: IMPHY003676 - Name: (2S,4R)-p-Mentha-1(7),8-dien-2-ol, SMILES: CC(=C)C1CCC(=C)C(C1)O
2025-09-03 11:57:18 - Processing IMPHY003689 at https://cb.imsc.res.in/imppat/phytochemical-detailedpage/IMPHY003689
2025-09-03 11:57:19 - SUCCESS: IMPHY003689 - Name: cis-3-Hexenal, SMILES: CC/C=CCC=O
2025-09-03 11:57:20 - Processing IMPHY003915 at https://cb.imsc.res.in/imppat/phytochemical-detailedpage/IMPHY003915
2025-09-03 12:19:30 - Script started.
2025-09-03 12:19:30 - Found 73 IDs to process.
2025-09-03 12:19:30 - Processing IMPHY000060 at https://cb.imsc.res.in/imppat/phytochemical-detailedpage/IMPHY000060
2025-09-03 12:19:32 - SUCCESS: IMPHY000060 - Name: Myristic acid, SMILES: CCCCCCCCCCCCCC(=O)O
2025-09-03 12:19:32 - Processing IMPHY000795 at https://cb.imsc.res.in/imppat/phytochemical-detailedpage/IMPHY000795
2025-09-03 12:19:34 - SUCCESS: IMPHY000795 - Name: Octanal, SMILES: CCCCCCCC=O
2025-09-03 12:19:34 - Processing IMPHY001548 at https://cb.imsc.res.in/imppat/phytochemical-detailedpage/IMPHY001548
2025-09-03 12:19:37 - SUCCESS: IMPHY001548 - Name: Geranylacetone, SMILES: C/C(=CCCC(=O)C)/CCC=C(C)C
2025-09-03 12:19:37 - Processing IMPHY002915 at https://cb.imsc.res.in/imppat/phytochemical-detailedpage/IMPHY002915
2025-09-03 12:19:40 - SUCCESS: IMPHY002915 - Name: Benzyl Alcohol, SMILES: OCc1ccccc1
2025-09-03 12:19:41 - Processing IMPHY003050 at https://cb.imsc.res.in/imppat/phytochemical-detailedpage/IMPHY003050
2025-09-03 12:19:43 - SUCCESS: IMPHY003050 - Name: Methyl salicylate, SMILES: COC(=O)c1ccccc1O
2025-09-03 12:19:43 - Processing IMPHY003676 at https://cb.imsc.res.in/imppat/phytochemical-detailedpage/IMPHY003676
2025-09-03 12:19:45 - SUCCESS: IMPHY003676 - Name: (2S,4R)-p-Mentha-1(7),8-dien-2-ol, SMILES: CC(=C)C1CCC(=C)C(C1)O
2025-09-03 12:19:45 - Processing IMPHY003689 at https://cb.imsc.res.in/imppat/phytochemical-detailedpage/IMPHY003689
2025-09-03 12:19:48 - SUCCESS: IMPHY003689 - Name: cis-3-Hexenal, SMILES: CC/C=CCC=O
2025-09-03 12:19:48 - Processing IMPHY003915 at https://cb.imsc.res.in/imppat/phytochemical-detailedpage/IMPHY003915
2025-09-03 12:19:50 - SUCCESS: IMPHY003915 - Name: 2-Decenal, SMILES: CCCCCCC/C=C/C=O
2025-09-03 12:19:50 - Processing IMPHY004079 at https://cb.imsc.res.in/imppat/phytochemical-detailedpage/IMPHY004079
2025-09-03 12:19:52 - SUCCESS: IMPHY004079 - Name: Catechol, SMILES: Oc1ccccc1O
2025-09-03 12:19:52 - Processing IMPHY004121 at https://cb.imsc.res.in/imppat/phytochemical-detailedpage/IMPHY004121
2025-09-03 12:19:54 - SUCCESS: IMPHY004121 - Name: 2-Heptanone, SMILES: CCCCCC(=O)C
2025-09-03 12:19:54 - Processing IMPHY004536 at https://cb.imsc.res.in/imppat/phytochemical-detailedpage/IMPHY004536
2025-09-03 12:19:56 - SUCCESS: IMPHY004536 - Name: Geranic acid, SMILES: CC(=CCC/C(=C/C(=O)O)/C)C
2025-09-03 12:19:57 - Processing IMPHY005364 at https://cb.imsc.res.in/imppat/phytochemical-detailedpage/IMPHY005364
2025-09-03 12:19:58 - SUCCESS: IMPHY005364 - Name: 2,2,6-Trimethylcyclohexanone, SMILES: CC1CCCC(C1=O)(C)C
2025-09-03 12:19:59 - Processing IMPHY005526 at https://cb.imsc.res.in/imppat/phytochemical-detailedpage/IMPHY005526
2025-09-03 12:20:01 - SUCCESS: IMPHY005526 - Name: 2-Undecenal, SMILES: CCCCCCCC/C=C/C=O
2025-09-03 12:20:01 - Processing IMPHY006032 at https://cb.imsc.res.in/imppat/phytochemical-detailedpage/IMPHY006032
2025-09-03 12:20:03 - SUCCESS: IMPHY006032 - Name: 2-Ethylhexanol, SMILES: CCCCC(CO)CC
2025-09-03 12:20:03 - Processing IMPHY006220 at https://cb.imsc.res.in/imppat/phytochemical-detailedpage/IMPHY006220
2025-09-03 12:20:05 - SUCCESS: IMPHY006220 - Name: Angelic acid, SMILES: C/C(=C/C)/C(=O)O
2025-09-03 12:20:05 - Processing IMPHY006221 at https://cb.imsc.res.in/imppat/phytochemical-detailedpage/IMPHY006221
2025-09-03 12:20:07 - SUCCESS: IMPHY006221 - Name: Tiglic acid, SMILES: C/C(=CC)/C(=O)O
2025-09-03 12:20:08 - Processing IMPHY006279 at https://cb.imsc.res.in/imppat/phytochemical-detailedpage/IMPHY006279
2025-09-03 12:20:09 - SUCCESS: IMPHY006279 - Name: 2-Phenylethanol, SMILES: OCCc1ccccc1
2025-09-03 12:20:10 - Processing IMPHY006322 at https://cb.imsc.res.in/imppat/phytochemical-detailedpage/IMPHY006322
2025-09-03 12:20:12 - SUCCESS: IMPHY006322 - Name: Safranal, SMILES: O=CC1=C(C)C=CCC1(C)C
2025-09-03 12:20:12 - Processing IMPHY006485 at https://cb.imsc.res.in/imppat/phytochemical-detailedpage/IMPHY006485
2025-09-03 12:20:14 - SUCCESS: IMPHY006485 - Name: beta-Ionone, SMILES: CC(=O)/C=C/C1=C(C)CCCC1(C)C
2025-09-03 12:20:14 - Processing IMPHY006947 at https://cb.imsc.res.in/imppat/phytochemical-detailedpage/IMPHY006947
2025-09-03 12:20:16 - SUCCESS: IMPHY006947 - Name: 1-Decanol, SMILES: CCCCCCCCCCO
2025-09-03 12:20:17 - Processing IMPHY006970 at https://cb.imsc.res.in/imppat/phytochemical-detailedpage/IMPHY006970
2025-09-03 12:20:18 - SUCCESS: IMPHY006970 - Name: Decanal, SMILES: CCCCCCCCCC=O
2025-09-03 12:20:19 - Processing IMPHY006971 at https://cb.imsc.res.in/imppat/phytochemical-detailedpage/IMPHY006971
2025-09-03 12:20:20 - SUCCESS: IMPHY006971 - Name: Methyl palmitate, SMILES: CCCCCCCCCCCCCCCC(=O)OC
2025-09-03 12:20:21 - Processing IMPHY006978 at https://cb.imsc.res.in/imppat/phytochemical-detailedpage/IMPHY006978
2025-09-03 12:20:23 - SUCCESS: IMPHY006978 - Name: 2-Methylpyrazine, SMILES: Cc1cnccn1
2025-09-03 12:20:23 - Processing IMPHY007041 at https://cb.imsc.res.in/imppat/phytochemical-detailedpage/IMPHY007041
2025-09-03 12:20:25 - SUCCESS: IMPHY007041 - Name: Furfural, SMILES: O=Cc1ccco1
2025-09-03 12:20:26 - Processing IMPHY007076 at https://cb.imsc.res.in/imppat/phytochemical-detailedpage/IMPHY007076
2025-09-03 12:20:28 - SUCCESS: IMPHY007076 - Name: Undecanal, SMILES: CCCCCCCCCCC=O
2025-09-03 12:20:28 - Processing IMPHY007100 at https://cb.imsc.res.in/imppat/phytochemical-detailedpage/IMPHY007100
2025-09-03 12:20:30 - SUCCESS: IMPHY007100 - Name: 1-Dodecanol, SMILES: CCCCCCCCCCCCO
2025-09-03 12:20:30 - Processing IMPHY007171 at https://cb.imsc.res.in/imppat/phytochemical-detailedpage/IMPHY007171
2025-09-03 12:20:32 - SUCCESS: IMPHY007171 - Name: 1-Hexanol, SMILES: CCCCCCO
2025-09-03 12:20:33 - Processing IMPHY007186 at https://cb.imsc.res.in/imppat/phytochemical-detailedpage/IMPHY007186
2025-09-03 12:20:34 - SUCCESS: IMPHY007186 - Name: Heptanal, SMILES: CCCCCCC=O
2025-09-03 12:20:35 - Processing IMPHY007204 at https://cb.imsc.res.in/imppat/phytochemical-detailedpage/IMPHY007204
2025-09-03 12:20:37 - SUCCESS: IMPHY007204 - Name: Dodecanal, SMILES: CCCCCCCCCCCC=O
2025-09-03 12:20:37 - Processing IMPHY007276 at https://cb.imsc.res.in/imppat/phytochemical-detailedpage/IMPHY007276
2025-09-03 12:20:39 - SUCCESS: IMPHY007276 - Name: Nonan-1-ol, SMILES: CCCCCCCCCO
2025-09-03 12:20:39 - Processing IMPHY007327 at https://cb.imsc.res.in/imppat/phytochemical-detailedpage/IMPHY007327
2025-09-03 12:20:41 - SUCCESS: IMPHY007327 - Name: Palmitic acid, SMILES: CCCCCCCCCCCCCCCC(=O)O
2025-09-03 12:20:42 - Processing IMPHY007331 at https://cb.imsc.res.in/imppat/phytochemical-detailedpage/IMPHY007331
2025-09-03 12:20:44 - SUCCESS: IMPHY007331 - Name: 6-Methyl-5-hepten-2-one, SMILES: CC(=O)CCC=C(C)C
2025-09-03 12:20:45 - Processing IMPHY007354 at https://cb.imsc.res.in/imppat/phytochemical-detailedpage/IMPHY007354
2025-09-03 12:20:47 - SUCCESS: IMPHY007354 - Name: Hexanoic acid, SMILES: CCCCCC(=O)O
2025-09-03 12:20:47 - Processing IMPHY007357 at https://cb.imsc.res.in/imppat/phytochemical-detailedpage/IMPHY007357
2025-09-03 12:20:49 - SUCCESS: IMPHY007357 - Name: Nicotinic acid, SMILES: OC(=O)c1cccnc1
2025-09-03 12:20:49 - Processing IMPHY007539 at https://cb.imsc.res.in/imppat/phytochemical-detailedpage/IMPHY007539
2025-09-03 12:20:51 - SUCCESS: IMPHY007539 - Name: Phenylacetaldehyde, SMILES: O=CCc1ccccc1
2025-09-03 12:20:52 - Processing IMPHY007620 at https://cb.imsc.res.in/imppat/phytochemical-detailedpage/IMPHY007620
2025-09-03 12:20:53 - SUCCESS: IMPHY007620 - Name: 1-Octanol, SMILES: CCCCCCCCO
2025-09-03 12:20:54 - Processing IMPHY009751 at https://cb.imsc.res.in/imppat/phytochemical-detailedpage/IMPHY009751
2025-09-03 12:20:56 - SUCCESS: IMPHY009751 - Name: 1-Heptanol, SMILES: CCCCCCCO
2025-09-03 12:20:56 - Processing IMPHY009752 at https://cb.imsc.res.in/imppat/phytochemical-detailedpage/IMPHY009752
2025-09-03 12:20:58 - SUCCESS: IMPHY009752 - Name: beta-Cyclocitral, SMILES: O=CC1=C(C)CCCC1(C)C
2025-09-03 12:20:58 - Processing IMPHY009946 at https://cb.imsc.res.in/imppat/phytochemical-detailedpage/IMPHY009946
2025-09-03 12:21:00 - SUCCESS: IMPHY009946 - Name: Benzaldehyde, SMILES: O=Cc1ccccc1
2025-09-03 12:21:01 - Processing IMPHY010225 at https://cb.imsc.res.in/imppat/phytochemical-detailedpage/IMPHY010225
2025-09-03 12:21:02 - SUCCESS: IMPHY010225 - Name: Methyl 1-methoxy-1H-indole-3-carboxylate, SMILES: COC(=O)c1cn(c2c1cccc2)OC
2025-09-03 12:21:03 - Processing IMPHY011396 at https://cb.imsc.res.in/imppat/phytochemical-detailedpage/IMPHY011396
2025-09-03 12:21:05 - SUCCESS: IMPHY011396 - Name: 4-Carvomenthenol, SMILES: CC1=CCC(CC1)(O)C(C)C
2025-09-03 12:21:05 - Processing IMPHY011453 at https://cb.imsc.res.in/imppat/phytochemical-detailedpage/IMPHY011453
2025-09-03 12:21:07 - SUCCESS: IMPHY011453 - Name: 3-Hexenoic acid, SMILES: CC/C=C/CC(=O)O
2025-09-03 12:21:07 - Processing IMPHY011541 at https://cb.imsc.res.in/imppat/phytochemical-detailedpage/IMPHY011541
2025-09-03 12:21:09 - SUCCESS: IMPHY011541 - Name: Scopoletin, SMILES: COc1cc2ccc(=O)oc2cc1O
2025-09-03 12:21:09 - Processing IMPHY011960 at https://cb.imsc.res.in/imppat/phytochemical-detailedpage/IMPHY011960
2025-09-03 12:21:12 - SUCCESS: IMPHY011960 - Name: Cinnamic acid, SMILES: OC(=O)/C=C/c1ccccc1
2025-09-03 12:21:12 - Processing IMPHY011974 at https://cb.imsc.res.in/imppat/phytochemical-detailedpage/IMPHY011974
2025-09-03 12:21:14 - SUCCESS: IMPHY011974 - Name: 4-Hydroxycinnamic acid, SMILES: OC(=O)/C=C/c1ccc(cc1)O
2025-09-03 12:21:15 - Processing IMPHY012058 at https://cb.imsc.res.in/imppat/phytochemical-detailedpage/IMPHY012058
2025-09-03 12:21:16 - SUCCESS: IMPHY012058 - Name: Linalool, SMILES: C=CC(CCC=C(C)C)(O)C
2025-09-03 12:21:17 - Processing IMPHY012080 at https://cb.imsc.res.in/imppat/phytochemical-detailedpage/IMPHY012080
2025-09-03 12:21:19 - SUCCESS: IMPHY012080 - Name: Diphenyl ether, SMILES: c1ccc(cc1)Oc1ccccc1
2025-09-03 12:21:19 - Processing IMPHY012089 at https://cb.imsc.res.in/imppat/phytochemical-detailedpage/IMPHY012089
2025-09-03 12:21:21 - SUCCESS: IMPHY012089 - Name: Valeric acid, SMILES: CCCCC(=O)O
2025-09-03 12:21:22 - Processing IMPHY012100 at https://cb.imsc.res.in/imppat/phytochemical-detailedpage/IMPHY012100
2025-09-03 12:21:24 - SUCCESS: IMPHY012100 - Name: Nonanoic acid, SMILES: CCCCCCCCC(=O)O
2025-09-03 12:21:24 - Processing IMPHY012160 at https://cb.imsc.res.in/imppat/phytochemical-detailedpage/IMPHY012160
2025-09-03 12:21:26 - SUCCESS: IMPHY012160 - Name: alpha-Terpineol, SMILES: CC1=CCC(CC1)C(O)(C)C
2025-09-03 12:21:26 - Processing IMPHY012294 at https://cb.imsc.res.in/imppat/phytochemical-detailedpage/IMPHY012294
2025-09-03 12:21:28 - SUCCESS: IMPHY012294 - Name: 2-Hexyl-1-decanol, SMILES: CCCCCCCCC(CCCCCC)CO
2025-09-03 12:21:29 - Processing IMPHY012626 at https://cb.imsc.res.in/imppat/phytochemical-detailedpage/IMPHY012626
2025-09-03 12:21:31 - SUCCESS: IMPHY012626 - Name: Dihydro-beta-ionol, SMILES: CC(CCC1=C(C)CCCC1(C)C)O
2025-09-03 12:21:31 - Processing IMPHY012654 at https://cb.imsc.res.in/imppat/phytochemical-detailedpage/IMPHY012654
2025-09-03 12:21:33 - SUCCESS: IMPHY012654 - Name: Nerol, SMILES: OC/C=C(CCC=C(C)C)/C
2025-09-03 12:21:33 - Processing IMPHY012723 at https://cb.imsc.res.in/imppat/phytochemical-detailedpage/IMPHY012723
2025-09-03 12:21:35 - SUCCESS: IMPHY012723 - Name: Linolenic acid, SMILES: CC/C=CC/C=CC/C=CCCCCCCCC(=O)O
2025-09-03 12:21:36 - Processing IMPHY012920 at https://cb.imsc.res.in/imppat/phytochemical-detailedpage/IMPHY012920
2025-09-03 12:21:37 - SUCCESS: IMPHY012920 - Name: 2-Furanmethanol, 5-ethenyltetrahydro-alpha,alpha,5-trimethyl-, cis-, SMILES: C=C[C@@]1(C)CC[C@H](O1)C(O)(C)C
2025-09-03 12:21:38 - Processing IMPHY014885 at https://cb.imsc.res.in/imppat/phytochemical-detailedpage/IMPHY014885
2025-09-03 12:21:40 - SUCCESS: IMPHY014885 - Name: 1-Isopropyl-4,7-dimethyl-1,3,4,5,6,8a-hexahydro-4a(2H)-naphthalenol, SMILES: CC1=CC2C(CC1)(O)C(C)CCC2C(C)C
2025-09-03 12:21:40 - Processing IMPHY014906 at https://cb.imsc.res.in/imppat/phytochemical-detailedpage/IMPHY014906
2025-09-03 12:21:42 - SUCCESS: IMPHY014906 - Name: Cedrelanol, SMILES: CC1=C[C@@H]2[C@@H](CC1)[C@@](C)(O)CC[C@H]2C(C)C
2025-09-03 12:21:43 - Processing IMPHY014923 at https://cb.imsc.res.in/imppat/phytochemical-detailedpage/IMPHY014923
2025-09-03 12:21:47 - SUCCESS: IMPHY014923 - Name: Geraniol, SMILES: OC/C=C(/CCC=C(C)C)C
2025-09-03 12:21:48 - Processing IMPHY014989 at https://cb.imsc.res.in/imppat/phytochemical-detailedpage/IMPHY014989
2025-09-03 12:21:49 - SUCCESS: IMPHY014989 - Name: trans-Linalool oxide, SMILES: C=C[C@]1(C)CC[C@H](O1)C(O)(C)C
2025-09-03 12:21:50 - Processing IMPHY015022 at https://cb.imsc.res.in/imppat/phytochemical-detailedpage/IMPHY015022
2025-09-03 12:21:51 - SUCCESS: IMPHY015022 - Name: Nerolidol, SMILES: C=CC(CC/C=C(/CCC=C(C)C)C)(O)C
2025-09-03 12:21:52 - Processing IMPHY015234 at https://cb.imsc.res.in/imppat/phytochemical-detailedpage/IMPHY015234
2025-09-03 12:21:54 - SUCCESS: IMPHY015234 - Name: 2,5-Octanedione, SMILES: CCCC(=O)CCC(=O)C
2025-09-03 12:21:54 - Processing IMPHY015271 at https://cb.imsc.res.in/imppat/phytochemical-detailedpage/IMPHY015271
2025-09-03 12:21:56 - SUCCESS: IMPHY015271 - Name: 2-Methyloctan-1-ol, SMILES: CCCCCCC(CO)C
2025-09-03 12:21:56 - Processing IMPHY016973 at https://cb.imsc.res.in/imppat/phytochemical-detailedpage/IMPHY016973
2025-09-03 12:21:58 - SUCCESS: IMPHY016973 - Name: Diisopentyl ether, SMILES: CC(CCOCCC(C)C)C
2025-09-03 12:21:59 - Processing IMPHY017020 at https://cb.imsc.res.in/imppat/phytochemical-detailedpage/IMPHY017020
2025-09-03 12:22:00 - SUCCESS: IMPHY017020 - Name: 3-Methyl-4-penten-1-ol acetate, SMILES: C=CC(CCOC(=O)C)C
2025-09-03 12:22:01 - Processing IMPHY017085 at https://cb.imsc.res.in/imppat/phytochemical-detailedpage/IMPHY017085
2025-09-03 12:22:02 - SUCCESS: IMPHY017085 - Name: 3-Ethylcyclopentanone, SMILES: CCC1CCC(=O)C1
2025-09-03 12:22:03 - Processing IMPHY017107 at https://cb.imsc.res.in/imppat/phytochemical-detailedpage/IMPHY017107
2025-09-03 12:22:05 - SUCCESS: IMPHY017107 - Name: 3,5-Dimethyl-2-cyclohexen-1-one, SMILES: CC1CC(=CC(=O)C1)C
2025-09-03 12:22:05 - Processing IMPHY017352 at https://cb.imsc.res.in/imppat/phytochemical-detailedpage/IMPHY017352
2025-09-03 12:22:07 - SUCCESS: IMPHY017352 - Name: 4-Hexen-2-one, SMILES: C/C=C/CC(=O)C
2025-09-03 12:22:07 - Processing IMPHY017393 at https://cb.imsc.res.in/imppat/phytochemical-detailedpage/IMPHY017393
2025-09-03 12:22:09 - SUCCESS: IMPHY017393 - Name: 4-(2,4,4-Trimethyl-cyclohexa-1,5-dienyl)-but-3-en-2-one, SMILES: CC(=O)/C=C/C1=C(C)CC(C=C1)(C)C
2025-09-03 12:22:09 - Processing IMPHY017410 at https://cb.imsc.res.in/imppat/phytochemical-detailedpage/IMPHY017410
2025-09-03 12:22:11 - SUCCESS: IMPHY017410 - Name: Hexanoic acid, 4-hexen-1-yl ester, SMILES: CCCCCC(=O)OCCC/C=C/C
2025-09-03 12:22:12 - Processing IMPHY017468 at https://cb.imsc.res.in/imppat/phytochemical-detailedpage/IMPHY017468
2025-09-03 12:22:13 - SUCCESS: IMPHY017468 - Name: Propanoic acid, 2-methyl-, 3-hydroxy-2,4,4-trimethylpentyl ester, SMILES: CC(C(C(C)(C)C)O)COC(=O)C(C)C
2025-09-03 12:22:14 - Processing IMPHY017481 at https://cb.imsc.res.in/imppat/phytochemical-detailedpage/IMPHY017481
2025-09-03 12:22:15 - SUCCESS: IMPHY017481 - Name: 3,3-Dimethylhexanal, SMILES: CCCC(CC=O)(C)C
2025-09-03 12:22:16 - Processing IMPHY017514 at https://cb.imsc.res.in/imppat/phytochemical-detailedpage/IMPHY017514
2025-09-03 12:22:18 - SUCCESS: IMPHY017514 - Name: 1-Ethyl-1H-pyrrole-2-carbaldehyde, SMILES: O=Cc1cccn1CC
2025-09-03 12:22:18 - Processing IMPHY017516 at https://cb.imsc.res.in/imppat/phytochemical-detailedpage/IMPHY017516
2025-09-03 12:22:20 - SUCCESS: IMPHY017516 - Name: 1-Cyclohexen-1-ol, 2,6-dimethyl-, acetate, SMILES: CC(=O)OC1=C(C)CCCC1C
2025-09-03 12:22:21 - Script finished.
